{
  "RSpec": {
    "coverage": {
      "/home/ryanhburbank/Desktop/job_hunt/thoughtworks/mars_rover/app/mission.rb": [
        1,
        null,
        1,
        1,
        1,
        null,
        1,
        9,
        9,
        9,
        9,
        null,
        null,
        1,
        null,
        1,
        9,
        27,
        9,
        null,
        null,
        1,
        9,
        9,
        14,
        null,
        null,
        9,
        null,
        null,
        1,
        14,
        14,
        null,
        null,
        null,
        null,
        null
      ],
      "/home/ryanhburbank/Desktop/job_hunt/thoughtworks/mars_rover/app/parser.rb": [
        1,
        1,
        null,
        1,
        null,
        1,
        null,
        1,
        null,
        1,
        14,
        12,
        null,
        null,
        1,
        2,
        null,
        null,
        1,
        3,
        null,
        null,
        1,
        2,
        11,
        2,
        null,
        null,
        1,
        8,
        8,
        8,
        8,
        null,
        null,
        1,
        2,
        2,
        null,
        null,
        1,
        12,
        55,
        12,
        null,
        null,
        null
      ],
      "/home/ryanhburbank/Desktop/job_hunt/thoughtworks/mars_rover/app/plateau.rb": [
        1,
        null,
        1,
        16,
        16,
        null,
        null,
        1,
        17,
        null,
        null,
        null,
        null,
        null
      ],
      "/home/ryanhburbank/Desktop/job_hunt/thoughtworks/mars_rover/app/rover.rb": [
        1,
        null,
        1,
        null,
        1,
        null,
        1,
        15,
        15,
        15,
        null,
        15,
        15,
        null,
        null,
        1,
        9,
        null,
        null,
        1,
        74,
        7,
        null,
        null,
        1,
        2,
        null,
        null,
        1,
        null,
        1,
        15,
        null,
        null,
        1,
        80,
        80,
        79,
        null,
        19,
        null,
        14,
        null,
        45,
        null,
        1,
        null,
        77,
        null,
        1,
        null,
        null,
        null,
        1,
        7,
        null,
        null,
        1,
        45,
        45,
        44,
        44,
        null,
        null,
        1,
        45,
        45,
        null,
        null,
        1,
        45,
        null,
        null,
        1,
        45,
        null,
        null,
        1,
        1,
        null,
        null
      ],
      "/home/ryanhburbank/Desktop/job_hunt/thoughtworks/mars_rover/app/compass.rb": [
        1,
        null,
        1,
        25,
        25,
        25,
        null,
        null,
        1,
        23,
        12,
        null,
        23,
        null,
        null,
        1,
        28,
        28,
        null,
        null,
        1,
        67,
        21,
        21,
        null,
        null,
        1,
        78,
        null,
        null,
        1,
        47,
        null,
        null
      ],
      "/home/ryanhburbank/Desktop/job_hunt/thoughtworks/mars_rover/interface.rb": [
        6,
        null,
        1,
        null,
        1,
        3,
        3,
        3,
        3,
        3,
        null,
        null,
        1,
        null,
        1,
        3,
        null,
        null,
        1,
        3,
        8,
        3,
        null,
        null,
        1,
        3,
        3,
        5,
        5,
        null,
        3,
        3,
        null,
        null,
        null,
        1,
        null,
        null
      ],
      "/home/ryanhburbank/Desktop/job_hunt/thoughtworks/mars_rover/spec/interface_spec.rb": [
        1,
        null,
        1,
        null,
        1,
        1,
        1,
        1,
        null,
        null,
        1,
        1,
        1,
        null,
        null,
        null
      ],
      "/home/ryanhburbank/Desktop/job_hunt/thoughtworks/mars_rover/spec/mission_spec.rb": [
        1,
        null,
        1,
        4,
        4,
        null,
        1,
        1,
        1,
        1,
        null,
        null,
        1,
        1,
        1,
        null,
        null,
        1,
        1,
        null,
        null,
        1,
        null,
        null,
        null,
        null
      ],
      "/home/ryanhburbank/Desktop/job_hunt/thoughtworks/mars_rover/spec/parser_spec.rb": [
        1,
        null,
        1,
        1,
        null,
        1,
        8,
        null,
        null,
        null,
        1,
        1,
        4,
        9,
        null,
        1,
        1,
        null,
        null,
        1,
        1,
        null,
        null,
        1,
        1,
        null,
        null,
        1,
        null,
        1,
        2,
        null,
        null,
        1,
        2,
        null,
        null,
        1,
        2,
        null,
        null,
        null,
        1,
        null,
        1,
        2,
        null,
        null,
        1,
        2,
        null,
        null,
        null,
        null
      ],
      "/home/ryanhburbank/Desktop/job_hunt/thoughtworks/mars_rover/spec/plateau_spec.rb": [
        1,
        null,
        1,
        null,
        1,
        4,
        null,
        1,
        null,
        1,
        1,
        null,
        null,
        1,
        1,
        null,
        null,
        1,
        1,
        null,
        null,
        null,
        null
      ],
      "/home/ryanhburbank/Desktop/job_hunt/thoughtworks/mars_rover/spec/rover_spec.rb": [
        1,
        null,
        1,
        8,
        null,
        2,
        null,
        1,
        null,
        1,
        1,
        null,
        null,
        1,
        1,
        null,
        null,
        1,
        1,
        null,
        null,
        1,
        1,
        null,
        null,
        null,
        1,
        1,
        1,
        1,
        1,
        1,
        null,
        null,
        1,
        1,
        10,
        1,
        null,
        null,
        null,
        1,
        2,
        1,
        1,
        null,
        null,
        null,
        1,
        2,
        1,
        1,
        1,
        null,
        null,
        null,
        null,
        1,
        1,
        1,
        1,
        null,
        null,
        null
      ]
    },
    "timestamp": 1391580348
  }
}
